<?xml version="1.0" encoding="UTF-8"?>
<testsuite xmlns:xsi="http://www.w3.org/2001/XMLSchema-instance" xsi:noNamespaceSchemaLocation="https://maven.apache.org/surefire/maven-surefire-plugin/xsd/surefire-test-report.xsd" name="TestSuite" time="522.639" tests="7" errors="0" skipped="0" failures="0">
  <properties>
    <property name="sun.desktop" value="windows"/>
    <property name="awt.toolkit" value="sun.awt.windows.WToolkit"/>
    <property name="file.encoding.pkg" value="sun.io"/>
    <property name="java.specification.version" value="1.8"/>
    <property name="sun.cpu.isalist" value="amd64"/>
    <property name="sun.jnu.encoding" value="Cp1252"/>
    <property name="java.class.path" value="C:\Users\VDUDDUKU\eclipse-workspace\AppiumFramework\target\test-classes;C:\Users\VDUDDUKU\eclipse-workspace\AppiumFramework\target\classes;C:\Users\VDUDDUKU\.m2\repository\io\appium\java-client\7.3.0\java-client-7.3.0.jar;C:\Users\VDUDDUKU\.m2\repository\org\seleniumhq\selenium\selenium-support\3.141.59\selenium-support-3.141.59.jar;C:\Users\VDUDDUKU\.m2\repository\org\seleniumhq\selenium\selenium-api\3.141.59\selenium-api-3.141.59.jar;C:\Users\VDUDDUKU\.m2\repository\com\google\code\gson\gson\2.8.5\gson-2.8.5.jar;C:\Users\VDUDDUKU\.m2\repository\org\apache\httpcomponents\httpclient\4.5.9\httpclient-4.5.9.jar;C:\Users\VDUDDUKU\.m2\repository\org\apache\httpcomponents\httpcore\4.4.11\httpcore-4.4.11.jar;C:\Users\VDUDDUKU\.m2\repository\commons-codec\commons-codec\1.11\commons-codec-1.11.jar;C:\Users\VDUDDUKU\.m2\repository\org\springframework\spring-context\5.1.8.RELEASE\spring-context-5.1.8.RELEASE.jar;C:\Users\VDUDDUKU\.m2\repository\org\springframework\spring-aop\5.1.8.RELEASE\spring-aop-5.1.8.RELEASE.jar;C:\Users\VDUDDUKU\.m2\repository\org\springframework\spring-beans\5.1.8.RELEASE\spring-beans-5.1.8.RELEASE.jar;C:\Users\VDUDDUKU\.m2\repository\org\springframework\spring-core\5.1.8.RELEASE\spring-core-5.1.8.RELEASE.jar;C:\Users\VDUDDUKU\.m2\repository\org\springframework\spring-jcl\5.1.8.RELEASE\spring-jcl-5.1.8.RELEASE.jar;C:\Users\VDUDDUKU\.m2\repository\org\springframework\spring-expression\5.1.8.RELEASE\spring-expression-5.1.8.RELEASE.jar;C:\Users\VDUDDUKU\.m2\repository\org\aspectj\aspectjweaver\1.9.4\aspectjweaver-1.9.4.jar;C:\Users\VDUDDUKU\.m2\repository\org\seleniumhq\selenium\selenium-java\3.141.59\selenium-java-3.141.59.jar;C:\Users\VDUDDUKU\.m2\repository\org\seleniumhq\selenium\selenium-chrome-driver\3.141.59\selenium-chrome-driver-3.141.59.jar;C:\Users\VDUDDUKU\.m2\repository\org\seleniumhq\selenium\selenium-edge-driver\3.141.59\selenium-edge-driver-3.141.59.jar;C:\Users\VDUDDUKU\.m2\repository\org\seleniumhq\selenium\selenium-firefox-driver\3.141.59\selenium-firefox-driver-3.141.59.jar;C:\Users\VDUDDUKU\.m2\repository\org\seleniumhq\selenium\selenium-ie-driver\3.141.59\selenium-ie-driver-3.141.59.jar;C:\Users\VDUDDUKU\.m2\repository\org\seleniumhq\selenium\selenium-opera-driver\3.141.59\selenium-opera-driver-3.141.59.jar;C:\Users\VDUDDUKU\.m2\repository\org\seleniumhq\selenium\selenium-remote-driver\3.141.59\selenium-remote-driver-3.141.59.jar;C:\Users\VDUDDUKU\.m2\repository\org\seleniumhq\selenium\selenium-safari-driver\3.141.59\selenium-safari-driver-3.141.59.jar;C:\Users\VDUDDUKU\.m2\repository\net\bytebuddy\byte-buddy\1.8.15\byte-buddy-1.8.15.jar;C:\Users\VDUDDUKU\.m2\repository\org\apache\commons\commons-exec\1.3\commons-exec-1.3.jar;C:\Users\VDUDDUKU\.m2\repository\com\google\guava\guava\25.0-jre\guava-25.0-jre.jar;C:\Users\VDUDDUKU\.m2\repository\com\google\code\findbugs\jsr305\1.3.9\jsr305-1.3.9.jar;C:\Users\VDUDDUKU\.m2\repository\org\checkerframework\checker-compat-qual\2.0.0\checker-compat-qual-2.0.0.jar;C:\Users\VDUDDUKU\.m2\repository\com\google\errorprone\error_prone_annotations\2.1.3\error_prone_annotations-2.1.3.jar;C:\Users\VDUDDUKU\.m2\repository\com\google\j2objc\j2objc-annotations\1.1\j2objc-annotations-1.1.jar;C:\Users\VDUDDUKU\.m2\repository\org\codehaus\mojo\animal-sniffer-annotations\1.14\animal-sniffer-annotations-1.14.jar;C:\Users\VDUDDUKU\.m2\repository\com\squareup\okhttp3\okhttp\3.11.0\okhttp-3.11.0.jar;C:\Users\VDUDDUKU\.m2\repository\com\squareup\okio\okio\1.14.0\okio-1.14.0.jar;C:\Users\VDUDDUKU\.m2\repository\org\testng\testng\7.1.0\testng-7.1.0.jar;C:\Users\VDUDDUKU\.m2\repository\com\beust\jcommander\1.72\jcommander-1.72.jar;C:\Users\VDUDDUKU\.m2\repository\com\google\inject\guice\4.1.0\guice-4.1.0-no_aop.jar;C:\Users\VDUDDUKU\.m2\repository\javax\inject\javax.inject\1\javax.inject-1.jar;C:\Users\VDUDDUKU\.m2\repository\aopalliance\aopalliance\1.0\aopalliance-1.0.jar;C:\Users\VDUDDUKU\.m2\repository\org\yaml\snakeyaml\1.21\snakeyaml-1.21.jar;C:\Users\VDUDDUKU\.m2\repository\org\ow2\asm\asm\6.1\asm-6.1.jar;C:\Users\VDUDDUKU\.m2\repository\org\mongodb\bson\4.0.3\bson-4.0.3.jar;C:\Users\VDUDDUKU\.m2\repository\cglib\cglib\3.2.6\cglib-3.2.6.jar;C:\Users\VDUDDUKU\.m2\repository\org\apache\ant\ant\1.9.6\ant-1.9.6.jar;C:\Users\VDUDDUKU\.m2\repository\org\apache\ant\ant-launcher\1.9.6\ant-launcher-1.9.6.jar;C:\Users\VDUDDUKU\.m2\repository\org\slf4j\slf4j-api\1.7.30\slf4j-api-1.7.30.jar;C:\Users\VDUDDUKU\.m2\repository\org\slf4j\slf4j-simple\1.7.30\slf4j-simple-1.7.30.jar;C:\Users\VDUDDUKU\.m2\repository\commons-validator\commons-validator\1.6\commons-validator-1.6.jar;C:\Users\VDUDDUKU\.m2\repository\commons-beanutils\commons-beanutils\1.9.2\commons-beanutils-1.9.2.jar;C:\Users\VDUDDUKU\.m2\repository\commons-digester\commons-digester\1.8.1\commons-digester-1.8.1.jar;C:\Users\VDUDDUKU\.m2\repository\commons-logging\commons-logging\1.2\commons-logging-1.2.jar;C:\Users\VDUDDUKU\.m2\repository\commons-collections\commons-collections\3.2.2\commons-collections-3.2.2.jar;C:\Users\VDUDDUKU\.m2\repository\com\aventstack\extentreports\4.0.9\extentreports-4.0.9.jar;C:\Users\VDUDDUKU\.m2\repository\org\freemarker\freemarker\2.3.23\freemarker-2.3.23.jar;C:\Users\VDUDDUKU\.m2\repository\org\mongodb\mongodb-driver\3.3.0\mongodb-driver-3.3.0.jar;C:\Users\VDUDDUKU\.m2\repository\org\mongodb\mongodb-driver-core\3.3.0\mongodb-driver-core-3.3.0.jar;C:\Users\VDUDDUKU\.m2\repository\org\apache\httpcomponents\httpmime\4.5.2\httpmime-4.5.2.jar;C:\Users\VDUDDUKU\.m2\repository\commons-io\commons-io\2.6\commons-io-2.6.jar;C:\Users\VDUDDUKU\.m2\repository\org\apache\commons\commons-lang3\3.10\commons-lang3-3.10.jar;"/>
    <property name="java.vm.vendor" value="Oracle Corporation"/>
    <property name="deviceName" value="Pixel3XL"/>
    <property name="sun.arch.data.model" value="64"/>
    <property name="user.variant" value=""/>
    <property name="java.vendor.url" value="http://java.oracle.com/"/>
    <property name="user.timezone" value="Asia/Calcutta"/>
    <property name="java.vm.specification.version" value="1.8"/>
    <property name="os.name" value="Windows 10"/>
    <property name="user.country" value="US"/>
    <property name="sun.java.launcher" value="SUN_STANDARD"/>
    <property name="sun.boot.library.path" value="C:\Program Files\Java\jdk1.8.0_251\jre\bin"/>
    <property name="sun.java.command" value="C:\Users\VDUDDUKU\AppData\Local\Temp\surefire3824991447642561243\surefirebooter208843946930469693.jar C:\Users\VDUDDUKU\AppData\Local\Temp\surefire3824991447642561243 2020-07-18T16-44-15_252-jvmRun1 surefire7942780349491143860tmp surefire_07827526601419504694tmp"/>
    <property name="surefire.test.class.path" value="C:\Users\VDUDDUKU\eclipse-workspace\AppiumFramework\target\test-classes;C:\Users\VDUDDUKU\eclipse-workspace\AppiumFramework\target\classes;C:\Users\VDUDDUKU\.m2\repository\io\appium\java-client\7.3.0\java-client-7.3.0.jar;C:\Users\VDUDDUKU\.m2\repository\org\seleniumhq\selenium\selenium-support\3.141.59\selenium-support-3.141.59.jar;C:\Users\VDUDDUKU\.m2\repository\org\seleniumhq\selenium\selenium-api\3.141.59\selenium-api-3.141.59.jar;C:\Users\VDUDDUKU\.m2\repository\com\google\code\gson\gson\2.8.5\gson-2.8.5.jar;C:\Users\VDUDDUKU\.m2\repository\org\apache\httpcomponents\httpclient\4.5.9\httpclient-4.5.9.jar;C:\Users\VDUDDUKU\.m2\repository\org\apache\httpcomponents\httpcore\4.4.11\httpcore-4.4.11.jar;C:\Users\VDUDDUKU\.m2\repository\commons-codec\commons-codec\1.11\commons-codec-1.11.jar;C:\Users\VDUDDUKU\.m2\repository\org\springframework\spring-context\5.1.8.RELEASE\spring-context-5.1.8.RELEASE.jar;C:\Users\VDUDDUKU\.m2\repository\org\springframework\spring-aop\5.1.8.RELEASE\spring-aop-5.1.8.RELEASE.jar;C:\Users\VDUDDUKU\.m2\repository\org\springframework\spring-beans\5.1.8.RELEASE\spring-beans-5.1.8.RELEASE.jar;C:\Users\VDUDDUKU\.m2\repository\org\springframework\spring-core\5.1.8.RELEASE\spring-core-5.1.8.RELEASE.jar;C:\Users\VDUDDUKU\.m2\repository\org\springframework\spring-jcl\5.1.8.RELEASE\spring-jcl-5.1.8.RELEASE.jar;C:\Users\VDUDDUKU\.m2\repository\org\springframework\spring-expression\5.1.8.RELEASE\spring-expression-5.1.8.RELEASE.jar;C:\Users\VDUDDUKU\.m2\repository\org\aspectj\aspectjweaver\1.9.4\aspectjweaver-1.9.4.jar;C:\Users\VDUDDUKU\.m2\repository\org\seleniumhq\selenium\selenium-java\3.141.59\selenium-java-3.141.59.jar;C:\Users\VDUDDUKU\.m2\repository\org\seleniumhq\selenium\selenium-chrome-driver\3.141.59\selenium-chrome-driver-3.141.59.jar;C:\Users\VDUDDUKU\.m2\repository\org\seleniumhq\selenium\selenium-edge-driver\3.141.59\selenium-edge-driver-3.141.59.jar;C:\Users\VDUDDUKU\.m2\repository\org\seleniumhq\selenium\selenium-firefox-driver\3.141.59\selenium-firefox-driver-3.141.59.jar;C:\Users\VDUDDUKU\.m2\repository\org\seleniumhq\selenium\selenium-ie-driver\3.141.59\selenium-ie-driver-3.141.59.jar;C:\Users\VDUDDUKU\.m2\repository\org\seleniumhq\selenium\selenium-opera-driver\3.141.59\selenium-opera-driver-3.141.59.jar;C:\Users\VDUDDUKU\.m2\repository\org\seleniumhq\selenium\selenium-remote-driver\3.141.59\selenium-remote-driver-3.141.59.jar;C:\Users\VDUDDUKU\.m2\repository\org\seleniumhq\selenium\selenium-safari-driver\3.141.59\selenium-safari-driver-3.141.59.jar;C:\Users\VDUDDUKU\.m2\repository\net\bytebuddy\byte-buddy\1.8.15\byte-buddy-1.8.15.jar;C:\Users\VDUDDUKU\.m2\repository\org\apache\commons\commons-exec\1.3\commons-exec-1.3.jar;C:\Users\VDUDDUKU\.m2\repository\com\google\guava\guava\25.0-jre\guava-25.0-jre.jar;C:\Users\VDUDDUKU\.m2\repository\com\google\code\findbugs\jsr305\1.3.9\jsr305-1.3.9.jar;C:\Users\VDUDDUKU\.m2\repository\org\checkerframework\checker-compat-qual\2.0.0\checker-compat-qual-2.0.0.jar;C:\Users\VDUDDUKU\.m2\repository\com\google\errorprone\error_prone_annotations\2.1.3\error_prone_annotations-2.1.3.jar;C:\Users\VDUDDUKU\.m2\repository\com\google\j2objc\j2objc-annotations\1.1\j2objc-annotations-1.1.jar;C:\Users\VDUDDUKU\.m2\repository\org\codehaus\mojo\animal-sniffer-annotations\1.14\animal-sniffer-annotations-1.14.jar;C:\Users\VDUDDUKU\.m2\repository\com\squareup\okhttp3\okhttp\3.11.0\okhttp-3.11.0.jar;C:\Users\VDUDDUKU\.m2\repository\com\squareup\okio\okio\1.14.0\okio-1.14.0.jar;C:\Users\VDUDDUKU\.m2\repository\org\testng\testng\7.1.0\testng-7.1.0.jar;C:\Users\VDUDDUKU\.m2\repository\com\beust\jcommander\1.72\jcommander-1.72.jar;C:\Users\VDUDDUKU\.m2\repository\com\google\inject\guice\4.1.0\guice-4.1.0-no_aop.jar;C:\Users\VDUDDUKU\.m2\repository\javax\inject\javax.inject\1\javax.inject-1.jar;C:\Users\VDUDDUKU\.m2\repository\aopalliance\aopalliance\1.0\aopalliance-1.0.jar;C:\Users\VDUDDUKU\.m2\repository\org\yaml\snakeyaml\1.21\snakeyaml-1.21.jar;C:\Users\VDUDDUKU\.m2\repository\org\ow2\asm\asm\6.1\asm-6.1.jar;C:\Users\VDUDDUKU\.m2\repository\org\mongodb\bson\4.0.3\bson-4.0.3.jar;C:\Users\VDUDDUKU\.m2\repository\cglib\cglib\3.2.6\cglib-3.2.6.jar;C:\Users\VDUDDUKU\.m2\repository\org\apache\ant\ant\1.9.6\ant-1.9.6.jar;C:\Users\VDUDDUKU\.m2\repository\org\apache\ant\ant-launcher\1.9.6\ant-launcher-1.9.6.jar;C:\Users\VDUDDUKU\.m2\repository\org\slf4j\slf4j-api\1.7.30\slf4j-api-1.7.30.jar;C:\Users\VDUDDUKU\.m2\repository\org\slf4j\slf4j-simple\1.7.30\slf4j-simple-1.7.30.jar;C:\Users\VDUDDUKU\.m2\repository\commons-validator\commons-validator\1.6\commons-validator-1.6.jar;C:\Users\VDUDDUKU\.m2\repository\commons-beanutils\commons-beanutils\1.9.2\commons-beanutils-1.9.2.jar;C:\Users\VDUDDUKU\.m2\repository\commons-digester\commons-digester\1.8.1\commons-digester-1.8.1.jar;C:\Users\VDUDDUKU\.m2\repository\commons-logging\commons-logging\1.2\commons-logging-1.2.jar;C:\Users\VDUDDUKU\.m2\repository\commons-collections\commons-collections\3.2.2\commons-collections-3.2.2.jar;C:\Users\VDUDDUKU\.m2\repository\com\aventstack\extentreports\4.0.9\extentreports-4.0.9.jar;C:\Users\VDUDDUKU\.m2\repository\org\freemarker\freemarker\2.3.23\freemarker-2.3.23.jar;C:\Users\VDUDDUKU\.m2\repository\org\mongodb\mongodb-driver\3.3.0\mongodb-driver-3.3.0.jar;C:\Users\VDUDDUKU\.m2\repository\org\mongodb\mongodb-driver-core\3.3.0\mongodb-driver-core-3.3.0.jar;C:\Users\VDUDDUKU\.m2\repository\org\apache\httpcomponents\httpmime\4.5.2\httpmime-4.5.2.jar;C:\Users\VDUDDUKU\.m2\repository\commons-io\commons-io\2.6\commons-io-2.6.jar;C:\Users\VDUDDUKU\.m2\repository\org\apache\commons\commons-lang3\3.10\commons-lang3-3.10.jar;"/>
    <property name="sun.cpu.endian" value="little"/>
    <property name="user.home" value="C:\Users\VDUDDUKU"/>
    <property name="user.language" value="en"/>
    <property name="java.specification.vendor" value="Oracle Corporation"/>
    <property name="java.home" value="C:\Program Files\Java\jdk1.8.0_251\jre"/>
    <property name="basedir" value="C:\Users\VDUDDUKU\eclipse-workspace\AppiumFramework"/>
    <property name="file.separator" value="\"/>
    <property name="line.separator" value="&#10;"/>
    <property name="java.vm.specification.vendor" value="Oracle Corporation"/>
    <property name="java.specification.name" value="Java Platform API Specification"/>
    <property name="java.awt.graphicsenv" value="sun.awt.Win32GraphicsEnvironment"/>
    <property name="surefire.real.class.path" value="C:\Users\VDUDDUKU\AppData\Local\Temp\surefire3824991447642561243\surefirebooter208843946930469693.jar"/>
    <property name="sun.boot.class.path" value="C:\Program Files\Java\jdk1.8.0_251\jre\lib\resources.jar;C:\Program Files\Java\jdk1.8.0_251\jre\lib\rt.jar;C:\Program Files\Java\jdk1.8.0_251\jre\lib\sunrsasign.jar;C:\Program Files\Java\jdk1.8.0_251\jre\lib\jsse.jar;C:\Program Files\Java\jdk1.8.0_251\jre\lib\jce.jar;C:\Program Files\Java\jdk1.8.0_251\jre\lib\charsets.jar;C:\Program Files\Java\jdk1.8.0_251\jre\lib\jfr.jar;C:\Program Files\Java\jdk1.8.0_251\jre\classes"/>
    <property name="user.script" value=""/>
    <property name="sun.management.compiler" value="HotSpot 64-Bit Tiered Compilers"/>
    <property name="java.runtime.version" value="1.8.0_251-b08"/>
    <property name="user.name" value="VDUDDUKU"/>
    <property name="path.separator" value=";"/>
    <property name="os.version" value="10.0"/>
    <property name="java.endorsed.dirs" value="C:\Program Files\Java\jdk1.8.0_251\jre\lib\endorsed"/>
    <property name="java.runtime.name" value="Java(TM) SE Runtime Environment"/>
    <property name="file.encoding" value="Cp1252"/>
    <property name="java.vm.name" value="Java HotSpot(TM) 64-Bit Server VM"/>
    <property name="localRepository" value="C:\Users\VDUDDUKU\.m2\repository"/>
    <property name="java.vendor.url.bug" value="http://bugreport.sun.com/bugreport/"/>
    <property name="java.io.tmpdir" value="C:\Users\VDUDDUKU\AppData\Local\Temp\"/>
    <property name="java.version" value="1.8.0_251"/>
    <property name="user.dir" value="C:\Users\VDUDDUKU\eclipse-workspace\AppiumFramework"/>
    <property name="os.arch" value="amd64"/>
    <property name="java.vm.specification.name" value="Java Virtual Machine Specification"/>
    <property name="java.awt.printerjob" value="sun.awt.windows.WPrinterJob"/>
    <property name="sun.os.patch.level" value=""/>
    <property name="java.library.path" value="C:\Program Files\Java\jdk1.8.0_251\jre\bin;C:\windows\Sun\Java\bin;C:\windows\system32;C:\windows;C:\1264_35848\FAP\DLL;C:\1263_35787\FAP\DLL;C:\1264_35786\FAP\DLL;C:\Program Files (x86)\Common Files\Oracle\Java\javapath;C:\windows\system32;C:\windows;C:\windows\System32\Wbem;C:\windows\System32\WindowsPowerShell\v1.0\;C:\windows\System32\OpenSSH\;C:\Program Files\CrashPlan\jre\bin\server\;C:\Program Files\CrashPlan\jre\bin\;C:\Program Files (x86)\Sennheiser\SoftphoneSDK\;C:\Program Files\TortoiseSVN\bin;C:\Program Files\apache-maven-3.6.3\bin;C:\Program Files\nodejs\;C:\Program Files\Java\jdk1.8.0_251\bin;C:\Users\VDUDDUKU\AppData\Local\Android\Sdk\tools\bin;C:\Users\VDUDDUKU\AppData\Local\Android\Sdk\tools;C:\Users\VDUDDUKU\AppData\Local\Android\Sdk\platform-tools;C:\Users\VDUDDUKU\AppData\Local\Android\Sdk;C:\Program Files\Git\cmd;C:\Users\VDUDDUKU\AppData\Local\Microsoft\WindowsApps;C:\Users\VDUDDUKU\AppData\Roaming\npm;;."/>
    <property name="java.vm.info" value="mixed mode"/>
    <property name="java.vendor" value="Oracle Corporation"/>
    <property name="java.vm.version" value="25.251-b08"/>
    <property name="java.ext.dirs" value="C:\Program Files\Java\jdk1.8.0_251\jre\lib\ext;C:\windows\Sun\Java\lib\ext"/>
    <property name="sun.io.unicode.encoding" value="UnicodeLittle"/>
    <property name="java.class.version" value="52.0"/>
  </properties>
  <testcase name="fillForm" classname="android.AppiumFramework.Ecommerce_tc_1" time="88.014"/>
  <testcase name="totalValidation" classname="android.AppiumFramework.Ecommerce_tc_4" time="81.187"/>
  <testcase name="toastMsgValidation" classname="android.AppiumFramework.Ecommerce_tc_2" time="58.937"/>
  <testcase name="validateMobileGestures" classname="android.AppiumFramework.Ecommerce_tc_5" time="68.471"/>
  <testcase name="performWebViewAction" classname="android.AppiumFramework.Ecommerce_tc_6" time="92.281"/>
  <testcase name="apiDemoTest" classname="android.AppiumFramework.ApiDemoTest" time="55.416"/>
  <testcase name="apiDemoTest" classname="android.AppiumFramework.ApiDemoTest" time="54.821"/>
</testsuite>