<?xml version="1.0" encoding="UTF-8"?>
<!-- Generated by org.testng.reporters.JUnitReportReporter -->
<testsuite skipped="0" hostname="VDUDDUKU-L470" name="android.AppiumFramework.Ecommerce_tc_4" tests="1" failures="0" timestamp="2020-07-17T10:49:52 IST" time="64.227" errors="0">
  <testcase name="totalValidation" time="64.227" classname="android.AppiumFramework.Ecommerce_tc_4"/>
  <system-out/>
</testsuite> <!-- android.AppiumFramework.Ecommerce_tc_4 -->
