<?xml version="1.0" encoding="UTF-8"?>
<!-- Generated by org.testng.reporters.JUnitReportReporter -->
<testsuite skipped="0" hostname="VDUDDUKU-L470" name="android.AppiumFramework.Ecommerce_tc_5" tests="1" failures="0" timestamp="2020-07-18T14:31:20 IST" time="43.004" errors="0">
  <testcase name="validateMobileGestures" time="43.004" classname="android.AppiumFramework.Ecommerce_tc_5"/>
  <system-out/>
</testsuite> <!-- android.AppiumFramework.Ecommerce_tc_5 -->
