<?xml version="1.0" encoding="UTF-8"?>
<!-- Generated by org.testng.reporters.JUnitReportReporter -->
<testsuite skipped="0" hostname="VDUDDUKU-L470" name="android.AppiumFramework.Ecommerce_tc_6" tests="1" failures="0" timestamp="2020-07-18T16:52:59 IST" time="92.255" errors="0">
  <testcase name="performWebViewAction" time="92.255" classname="android.AppiumFramework.Ecommerce_tc_6"/>
  <system-out/>
</testsuite> <!-- android.AppiumFramework.Ecommerce_tc_6 -->
