<?xml version="1.0" encoding="UTF-8"?>
<!-- Generated by org.testng.reporters.JUnitReportReporter -->
<testsuite skipped="0" hostname="VDUDDUKU-L470" name="android.AppiumFramework.ApiDemoTest" tests="2" failures="0" timestamp="2020-07-17T10:54:15 IST" time="92.297" errors="0">
  <testcase name="apiDemoTest" time="47.477" classname="android.AppiumFramework.ApiDemoTest"/>
  <system-out/>
  <testcase name="apiDemoTest" time="44.820" classname="android.AppiumFramework.ApiDemoTest"/>
  <system-out/>
</testsuite> <!-- android.AppiumFramework.ApiDemoTest -->
