<?xml version="1.0" encoding="UTF-8"?>
<!-- Generated by org.testng.reporters.JUnitReportReporter -->
<testsuite skipped="0" hostname="VDUDDUKU-L470" name="android.AppiumFramework.ApiDemoTest" tests="2" failures="0" timestamp="2020-07-18T16:52:59 IST" time="109.672" errors="0">
  <testcase name="apiDemoTest" time="55.428" classname="android.AppiumFramework.ApiDemoTest"/>
  <system-out/>
  <testcase name="apiDemoTest" time="54.244" classname="android.AppiumFramework.ApiDemoTest"/>
  <system-out/>
</testsuite> <!-- android.AppiumFramework.ApiDemoTest -->
